TN:
SF:dist/config/index.js
FN:19,parseNumber
FN:26,parseBoolean
FN:32,parseList
FN:41,readJsonConfig
FN:47,loadDiscordConfig
FN:68,loadConfig
FNF:6
FNH:6
FNDA:24,parseNumber
FNDA:8,parseBoolean
FNDA:20,parseList
FNDA:6,readJsonConfig
FNDA:4,loadDiscordConfig
FNDA:6,loadConfig
DA:1,1
DA:2,1
DA:3,1
DA:4,1
DA:5,1
DA:6,1
DA:7,1
DA:8,1
DA:9,1
DA:10,1
DA:11,1
DA:12,1
DA:13,1
DA:14,1
DA:15,1
DA:16,1
DA:17,1
DA:18,1
DA:19,24
DA:20,24
DA:21,21
DA:22,21
DA:23,3
DA:24,24
DA:25,24
DA:26,8
DA:27,8
DA:28,6
DA:29,6
DA:30,2
DA:31,8
DA:32,20
DA:33,20
DA:34,18
DA:35,18
DA:36,2
DA:37,2
DA:38,2
DA:39,2
DA:40,20
DA:41,6
DA:42,6
DA:43,1
DA:44,1
DA:45,5
DA:46,6
DA:47,4
DA:48,4
DA:49,4
DA:50,4
DA:51,4
DA:52,4
DA:53,4
DA:54,4
DA:55,3
DA:56,3
DA:57,1
DA:58,1
DA:59,1
DA:60,1
DA:61,0
DA:62,0
DA:63,0
DA:64,0
DA:65,0
DA:66,0
DA:67,4
DA:68,1
DA:69,6
DA:70,6
DA:71,6
DA:72,6
DA:73,6
DA:74,6
DA:75,6
DA:76,6
DA:77,6
DA:78,6
DA:79,6
DA:80,6
DA:81,6
DA:82,6
DA:83,6
DA:84,6
DA:85,6
DA:86,6
DA:87,6
DA:88,6
DA:89,6
DA:90,0
DA:91,0
DA:92,6
DA:93,0
DA:94,0
DA:95,4
DA:96,6
DA:97,0
DA:98,0
DA:99,4
DA:100,6
DA:101,0
DA:102,0
DA:103,6
DA:104,0
DA:105,0
DA:106,6
DA:107,0
DA:108,0
DA:109,6
DA:110,0
DA:111,0
DA:112,4
DA:113,6
LF:113
LH:93
BRDA:1,0,0,1
BRDA:19,1,0,24
BRDA:20,2,0,21
BRDA:23,3,0,3
BRDA:24,4,0,2
BRDA:24,5,0,1
BRDA:26,6,0,8
BRDA:27,7,0,6
BRDA:30,8,0,2
BRDA:32,9,0,20
BRDA:33,10,0,18
BRDA:36,11,0,2
BRDA:38,12,0,4
BRDA:41,13,0,6
BRDA:42,14,0,1
BRDA:45,15,0,5
BRDA:47,16,0,4
BRDA:48,17,0,3
BRDA:52,18,0,3
BRDA:52,19,0,3
BRDA:52,20,0,3
BRDA:53,21,0,1
BRDA:53,22,0,0
BRDA:54,23,0,3
BRDA:57,24,0,1
BRDA:61,25,0,0
BRDA:68,26,0,6
BRDA:68,27,0,0
BRDA:71,28,0,3
BRDA:72,29,0,2
BRDA:74,30,0,2
BRDA:75,31,0,2
BRDA:76,32,0,4
BRDA:76,33,0,2
BRDA:77,34,0,0
BRDA:78,35,0,2
BRDA:79,36,0,2
BRDA:80,37,0,1
BRDA:81,38,0,1
BRDA:82,39,0,2
BRDA:83,40,0,2
BRDA:84,41,0,2
BRDA:85,42,0,4
BRDA:85,43,0,2
BRDA:86,44,0,2
BRDA:89,45,0,0
BRDA:92,46,0,4
BRDA:92,47,0,0
BRDA:95,48,0,4
BRDA:96,49,0,0
BRDA:99,50,0,4
BRDA:100,51,0,0
BRDA:103,52,0,4
BRDA:103,53,0,0
BRDA:106,54,0,4
BRDA:106,55,0,0
BRDA:109,56,0,4
BRDA:109,57,0,0
BRDA:112,58,0,4
BRF:59
BRH:48
end_of_record
TN:
SF:dist/connectors/discord.js
FN:17,isIgnoredAuthor
FN:24,escapeRegExp
FN:27,resolveMentions
FN:47,shouldRespond
FN:59,registerCommands
FN:94,handleSlashCommand
FN:114,startDiscordBot
FNF:7
FNH:4
FNDA:3,isIgnoredAuthor
FNDA:10,escapeRegExp
FNDA:1,resolveMentions
FNDA:5,shouldRespond
FNDA:0,registerCommands
FNDA:0,handleSlashCommand
FNDA:0,startDiscordBot
DA:1,1
DA:2,1
DA:3,1
DA:4,1
DA:5,1
DA:6,1
DA:7,1
DA:8,1
DA:9,1
DA:10,1
DA:11,1
DA:12,1
DA:13,1
DA:14,1
DA:15,1
DA:16,1
DA:17,1
DA:18,3
DA:19,1
DA:20,1
DA:21,2
DA:22,2
DA:23,3
DA:24,10
DA:25,10
DA:26,10
DA:27,1
DA:28,1
DA:29,1
DA:30,1
DA:31,1
DA:32,1
DA:33,0
DA:34,0
DA:35,0
DA:36,0
DA:37,0
DA:38,1
DA:39,1
DA:40,1
DA:41,1
DA:42,1
DA:43,1
DA:44,0
DA:45,1
DA:46,1
DA:47,1
DA:48,5
DA:49,5
DA:50,5
DA:51,5
DA:52,5
DA:53,5
DA:54,5
DA:55,5
DA:56,5
DA:57,5
DA:58,5
DA:59,0
DA:60,0
DA:61,0
DA:62,0
DA:63,0
DA:64,0
DA:65,0
DA:66,0
DA:67,0
DA:68,0
DA:69,0
DA:70,0
DA:71,0
DA:72,0
DA:73,0
DA:74,0
DA:75,0
DA:76,0
DA:77,0
DA:78,0
DA:79,0
DA:80,0
DA:81,0
DA:82,0
DA:83,0
DA:84,0
DA:85,0
DA:86,0
DA:87,0
DA:88,0
DA:89,0
DA:90,0
DA:91,0
DA:92,0
DA:93,0
DA:94,0
DA:95,0
DA:96,0
DA:97,0
DA:98,0
DA:99,0
DA:100,0
DA:101,0
DA:102,0
DA:103,0
DA:104,0
DA:105,0
DA:106,0
DA:107,0
DA:108,0
DA:109,0
DA:110,0
DA:111,0
DA:112,0
DA:113,0
DA:114,1
DA:115,0
DA:116,0
DA:117,0
DA:118,0
DA:119,0
DA:120,0
DA:121,0
DA:122,0
DA:123,0
DA:124,0
DA:125,0
DA:126,0
DA:127,0
DA:128,0
DA:129,0
DA:130,0
DA:131,0
DA:132,0
DA:133,0
DA:134,0
DA:135,0
DA:136,0
DA:137,0
DA:138,0
DA:139,0
DA:140,0
DA:141,0
DA:142,0
DA:143,0
DA:144,0
DA:145,0
DA:146,0
DA:147,0
DA:148,0
DA:149,0
DA:150,0
DA:151,0
DA:152,0
DA:153,0
DA:154,0
DA:155,0
DA:156,0
DA:157,0
DA:158,0
DA:159,0
DA:160,0
DA:161,0
DA:162,0
DA:163,0
DA:164,0
DA:165,0
DA:166,0
DA:167,0
DA:168,0
DA:169,0
DA:170,0
DA:171,0
DA:172,0
DA:173,0
DA:174,0
DA:175,0
DA:176,0
DA:177,0
DA:178,0
DA:179,0
DA:180,0
DA:181,0
DA:182,0
DA:183,0
DA:184,0
DA:185,0
LF:185
LH:53
BRDA:1,0,0,1
BRDA:7,1,0,1
BRDA:17,2,0,3
BRDA:18,3,0,1
BRDA:21,4,0,2
BRDA:22,5,0,3
BRDA:24,6,0,10
BRDA:27,7,0,1
BRDA:28,8,0,1
BRDA:33,9,0,0
BRDA:39,10,0,1
BRDA:44,11,0,0
BRDA:47,12,0,5
BRDA:49,13,0,0
BRDA:55,14,0,0
BRDA:56,15,0,0
BRDA:57,16,0,4
BRDA:57,17,0,2
BRDA:51,18,0,10
BRDA:54,19,0,10
BRF:20
BRH:15
end_of_record
TN:
SF:dist/connectors/irc.js
FN:3,escapeRegExp
FN:6,isIgnoredNick
FN:11,shouldRespond
FN:18,makeAlternateNick
FN:23,startIrcBot
FNF:5
FNH:4
FNDA:4,escapeRegExp
FNDA:3,isIgnoredNick
FNDA:4,shouldRespond
FNDA:3,makeAlternateNick
FNDA:0,startIrcBot
DA:1,1
DA:2,1
DA:3,4
DA:4,4
DA:5,4
DA:6,1
DA:7,3
DA:8,3
DA:9,3
DA:10,3
DA:11,1
DA:12,4
DA:13,4
DA:14,1
DA:15,1
DA:16,4
DA:17,4
DA:18,1
DA:19,3
DA:20,3
DA:21,3
DA:22,3
DA:23,1
DA:24,0
DA:25,0
DA:26,0
DA:27,0
DA:28,0
DA:29,0
DA:30,0
DA:31,0
DA:32,0
DA:33,0
DA:34,0
DA:35,0
DA:36,0
DA:37,0
DA:38,0
DA:39,0
DA:40,0
DA:41,0
DA:42,0
DA:43,0
DA:44,0
DA:45,0
DA:46,0
DA:47,0
DA:48,0
DA:49,0
DA:50,0
DA:51,0
DA:52,0
DA:53,0
DA:54,0
DA:55,0
DA:56,0
DA:57,0
DA:58,0
DA:59,0
DA:60,0
DA:61,0
DA:62,0
DA:63,0
DA:64,0
DA:65,0
DA:66,0
DA:67,0
DA:68,0
DA:69,0
DA:70,0
DA:71,0
DA:72,0
DA:73,0
DA:74,0
DA:75,0
DA:76,0
DA:77,0
DA:78,0
DA:79,0
DA:80,0
DA:81,0
DA:82,0
DA:83,0
DA:84,0
DA:85,0
DA:86,0
DA:87,0
DA:88,0
DA:89,0
DA:90,0
DA:91,0
DA:92,0
DA:93,0
DA:94,0
DA:95,0
DA:96,0
DA:97,0
DA:98,0
DA:99,0
DA:100,0
DA:101,0
DA:102,0
DA:103,0
DA:104,0
DA:105,0
DA:106,0
DA:107,0
DA:108,0
DA:109,0
DA:110,0
DA:111,0
DA:112,0
DA:113,0
DA:114,0
DA:115,0
DA:116,0
DA:117,0
DA:118,0
DA:119,0
DA:120,0
DA:121,0
DA:122,0
DA:123,0
DA:124,0
DA:125,0
DA:126,0
DA:127,0
DA:128,0
DA:129,0
DA:130,0
DA:131,0
DA:132,0
DA:133,0
DA:134,0
DA:135,0
DA:136,0
DA:137,0
DA:138,0
DA:139,0
DA:140,0
DA:141,0
DA:142,0
DA:143,0
DA:144,0
DA:145,0
DA:146,0
DA:147,0
DA:148,0
DA:149,0
DA:150,0
DA:151,0
DA:152,0
DA:153,0
DA:154,0
DA:155,0
DA:156,0
DA:157,0
DA:158,0
DA:159,0
DA:160,0
DA:161,0
DA:162,0
DA:163,0
LF:163
LH:23
BRDA:1,0,0,1
BRDA:3,1,0,4
BRDA:6,2,0,3
BRDA:8,3,0,2
BRDA:9,4,0,4
BRDA:11,5,0,4
BRDA:13,6,0,1
BRDA:16,7,0,3
BRDA:16,8,0,2
BRDA:18,9,0,3
BRDA:19,10,0,1
BRDA:19,11,0,2
BRF:12
BRH:12
end_of_record
TN:
SF:dist/db/index.js
FN:2,<instance_members_initializer>
FN:28,MarkovDatabase
FN:248,addChain
FN:254,addWordPos
FN:260,addSentenceShape
FN:266,getNextWords
FN:269,getStartingPairs
FN:272,findSeededPrefixes
FN:276,getWordPos
FN:279,getSentenceShapes
FN:282,logOutput
FN:285,getOutputLogs
FN:296,createLabel
FN:300,getLabelById
FN:303,getLabelByName
FN:306,getAllLabels
FN:309,updateLabelDescription
FN:312,deleteLabel
FN:316,setOutputLabel
FN:319,clearOutputLabel
FN:322,getUnlabeledOutputs
FN:330,getOutputsByLabel
FN:340,close
FN:343,migrateMarkovPairsTable
FN:355,migrateOutputLogTable
FNF:25
FNH:21
FNDA:16,<instance_members_initializer>
FNDA:16,MarkovDatabase
FNDA:31,addChain
FNDA:29,addWordPos
FNDA:31,addSentenceShape
FNDA:2473,getNextWords
FNDA:605,getStartingPairs
FNDA:424,findSeededPrefixes
FNDA:423,getWordPos
FNDA:1025,getSentenceShapes
FNDA:5,logOutput
FNDA:8,getOutputLogs
FNDA:3,createLabel
FNDA:3,getLabelById
FNDA:0,getLabelByName
FNDA:0,getAllLabels
FNDA:0,updateLabelDescription
FNDA:1,deleteLabel
FNDA:3,setOutputLabel
FNDA:1,clearOutputLabel
FNDA:1,getUnlabeledOutputs
FNDA:0,getOutputsByLabel
FNDA:16,close
FNDA:16,migrateMarkovPairsTable
FNDA:16,migrateOutputLogTable
DA:1,2
DA:2,2
DA:3,16
DA:4,16
DA:5,16
DA:6,16
DA:7,16
DA:8,16
DA:9,16
DA:10,16
DA:11,16
DA:12,16
DA:13,16
DA:14,16
DA:15,16
DA:16,16
DA:17,16
DA:18,16
DA:19,16
DA:20,16
DA:21,16
DA:22,16
DA:23,16
DA:24,16
DA:25,16
DA:26,16
DA:27,16
DA:28,16
DA:29,16
DA:30,16
DA:31,16
DA:32,16
DA:33,16
DA:34,16
DA:35,16
DA:36,16
DA:37,16
DA:38,16
DA:39,16
DA:40,16
DA:41,16
DA:42,16
DA:43,16
DA:44,16
DA:45,16
DA:46,16
DA:47,16
DA:48,16
DA:49,16
DA:50,16
DA:51,16
DA:52,16
DA:53,16
DA:54,16
DA:55,16
DA:56,16
DA:57,16
DA:58,16
DA:59,16
DA:60,16
DA:61,16
DA:62,16
DA:63,16
DA:64,16
DA:65,16
DA:66,16
DA:67,16
DA:68,16
DA:69,16
DA:70,16
DA:71,16
DA:72,16
DA:73,16
DA:74,16
DA:75,16
DA:76,16
DA:77,16
DA:78,16
DA:79,16
DA:80,16
DA:81,16
DA:82,16
DA:83,16
DA:84,16
DA:85,16
DA:86,16
DA:87,16
DA:88,16
DA:89,16
DA:90,16
DA:91,16
DA:92,16
DA:93,16
DA:94,16
DA:95,16
DA:96,16
DA:97,16
DA:98,16
DA:99,16
DA:100,16
DA:101,16
DA:102,16
DA:103,16
DA:104,31
DA:105,137
DA:106,137
DA:107,16
DA:108,16
DA:109,16
DA:110,16
DA:111,16
DA:112,16
DA:113,16
DA:114,16
DA:115,24
DA:116,85
DA:117,85
DA:118,16
DA:119,16
DA:120,16
DA:121,16
DA:122,16
DA:123,16
DA:124,16
DA:125,16
DA:126,16
DA:127,16
DA:128,16
DA:129,16
DA:130,16
DA:131,16
DA:132,16
DA:133,16
DA:134,16
DA:135,16
DA:136,16
DA:137,16
DA:138,16
DA:139,16
DA:140,16
DA:141,16
DA:142,16
DA:143,16
DA:144,16
DA:145,16
DA:146,16
DA:147,16
DA:148,16
DA:149,16
DA:150,16
DA:151,16
DA:152,16
DA:153,16
DA:154,16
DA:155,16
DA:156,16
DA:157,16
DA:158,16
DA:159,16
DA:160,16
DA:161,16
DA:162,16
DA:163,16
DA:164,16
DA:165,16
DA:166,16
DA:167,16
DA:168,16
DA:169,16
DA:170,16
DA:171,16
DA:172,16
DA:173,16
DA:174,16
DA:175,16
DA:176,16
DA:177,16
DA:178,16
DA:179,16
DA:180,16
DA:181,1
DA:182,1
DA:183,1
DA:184,1
DA:185,16
DA:186,16
DA:187,16
DA:188,16
DA:189,16
DA:190,16
DA:191,16
DA:192,16
DA:193,3
DA:194,3
DA:195,3
DA:196,3
DA:197,0
DA:198,0
DA:199,3
DA:200,3
DA:201,3
DA:202,3
DA:203,16
DA:204,16
DA:205,1
DA:206,1
DA:207,1
DA:208,1
DA:209,1
DA:210,1
DA:211,1
DA:212,1
DA:213,1
DA:214,16
DA:215,16
DA:216,16
DA:217,16
DA:218,16
DA:219,16
DA:220,16
DA:221,16
DA:222,16
DA:223,16
DA:224,16
DA:225,16
DA:226,16
DA:227,16
DA:228,16
DA:229,16
DA:230,16
DA:231,16
DA:232,16
DA:233,16
DA:234,16
DA:235,16
DA:236,16
DA:237,16
DA:238,16
DA:239,16
DA:240,16
DA:241,16
DA:242,16
DA:243,16
DA:244,16
DA:245,16
DA:246,16
DA:247,16
DA:248,16
DA:249,31
DA:250,0
DA:251,0
DA:252,31
DA:253,31
DA:254,16
DA:255,29
DA:256,5
DA:257,5
DA:258,24
DA:259,29
DA:260,16
DA:261,31
DA:262,5
DA:263,5
DA:264,26
DA:265,31
DA:266,16
DA:267,2473
DA:268,2473
DA:269,16
DA:270,605
DA:271,605
DA:272,16
DA:273,424
DA:274,424
DA:275,424
DA:276,16
DA:277,423
DA:278,423
DA:279,16
DA:280,1025
DA:281,1025
DA:282,16
DA:283,5
DA:284,5
DA:285,16
DA:286,8
DA:287,8
DA:288,8
DA:289,8
DA:290,8
DA:291,8
DA:292,8
DA:293,8
DA:294,8
DA:295,16
DA:296,16
DA:297,3
DA:298,3
DA:299,3
DA:300,16
DA:301,3
DA:302,3
DA:303,16
DA:304,0
DA:305,0
DA:306,16
DA:307,0
DA:308,0
DA:309,16
DA:310,0
DA:311,0
DA:312,16
DA:313,1
DA:314,1
DA:315,16
DA:316,16
DA:317,3
DA:318,3
DA:319,16
DA:320,1
DA:321,1
DA:322,16
DA:323,1
DA:324,1
DA:325,1
DA:326,1
DA:327,1
DA:328,1
DA:329,1
DA:330,16
DA:331,0
DA:332,0
DA:333,0
DA:334,0
DA:335,0
DA:336,0
DA:337,0
DA:338,0
DA:339,0
DA:340,16
DA:341,16
DA:342,16
DA:343,16
DA:344,16
DA:345,16
DA:346,16
DA:347,16
DA:348,16
DA:349,0
DA:350,0
DA:351,16
DA:352,0
DA:353,0
DA:354,16
DA:355,16
DA:356,16
DA:357,16
DA:358,16
DA:359,16
DA:360,16
DA:361,16
DA:362,16
DA:363,16
DA:364,16
DA:365,16
DA:366,16
DA:367,16
DA:368,16
LF:368
LH:345
BRDA:1,0,0,2
BRDA:2,1,0,16
BRDA:28,2,0,16
BRDA:103,3,0,31
BRDA:104,4,0,137
BRDA:114,5,0,24
BRDA:115,6,0,85
BRDA:180,7,0,1
BRDA:192,8,0,3
BRDA:196,9,0,0
BRDA:204,10,0,1
BRDA:248,11,0,31
BRDA:249,12,0,0
BRDA:254,13,0,29
BRDA:255,14,0,5
BRDA:258,15,0,24
BRDA:260,16,0,31
BRDA:261,17,0,5
BRDA:264,18,0,26
BRDA:266,19,0,2473
BRDA:269,20,0,605
BRDA:272,21,0,424
BRDA:276,22,0,423
BRDA:279,23,0,1025
BRDA:282,24,0,5
BRDA:283,25,0,2
BRDA:283,26,0,3
BRDA:285,27,0,8
BRDA:287,28,0,8
BRDA:291,29,0,1
BRDA:292,30,0,7
BRDA:296,31,0,3
BRDA:300,32,0,3
BRDA:301,33,0,1
BRDA:312,34,0,1
BRDA:316,35,0,3
BRDA:319,36,0,1
BRDA:322,37,0,1
BRDA:324,38,0,1
BRDA:340,39,0,16
BRDA:343,40,0,16
BRDA:348,41,0,0
BRDA:351,42,0,0
BRDA:347,43,0,96
BRDA:355,44,0,16
BRDA:359,45,0,112
BRF:46
BRH:42
end_of_record
TN:
SF:dist/engine/markov.js
FN:19,pickWeighted
FN:33,trimToken
FN:38,pickRandom
FN:44,postProcess
FN:79,isStructurallyCompleteResponse
FN:87,tokenize
FN:102,escapeRegExp
FN:105,pickSeedWord
FN:114,looksLikeCommand
FN:117,applyPosGrammarBoost
FN:123,parseSentenceShape
FN:126,pickWeightedShape
FN:142,applyShapeSlotBoost
FN:151,<instance_members_initializer>
FN:155,MarkovEngine
FN:160,learn
FN:167,tagAtTokenIndex
FN:193,generate
FN:196,generateAndLog
FN:209,generateResponse
FN:259,resolveInitialPrefixes
FN:268,resolvePreferredShapeTag
FN:282,pickFallbackResponse
FNF:23
FNH:23
FNDA:4519,pickWeighted
FNDA:6266,trimToken
FNDA:3,pickRandom
FNDA:1025,postProcess
FNDA:1026,isStructurallyCompleteResponse
FNDA:1460,tokenize
FNDA:2,escapeRegExp
FNDA:2,pickSeedWord
FNDA:5,looksLikeCommand
FNDA:2471,applyPosGrammarBoost
FNDA:2800,parseSentenceShape
FNDA:1023,pickWeightedShape
FNDA:2471,applyShapeSlotBoost
FNDA:10,<instance_members_initializer>
FNDA:10,MarkovEngine
FNDA:28,learn
FNDA:194,tagAtTokenIndex
FNDA:1023,generate
FNDA:2,generateAndLog
FNDA:1025,generateResponse
FNDA:1025,resolveInitialPrefixes
FNDA:1023,resolvePreferredShapeTag
FNDA:3,pickFallbackResponse
DA:1,3
DA:2,3
DA:3,3
DA:4,3
DA:5,3
DA:6,3
DA:7,3
DA:8,3
DA:9,3
DA:10,3
DA:11,3
DA:12,3
DA:13,3
DA:14,3
DA:15,3
DA:16,3
DA:17,3
DA:18,3
DA:19,4519
DA:20,4519
DA:21,625
DA:22,625
DA:23,3894
DA:24,3894
DA:25,4519
DA:26,5312
DA:27,5312
DA:28,3894
DA:29,3894
DA:30,5312
DA:31,4519
DA:32,4519
DA:33,3
DA:34,6266
DA:35,6266
DA:36,6266
DA:37,6266
DA:38,3
DA:39,3
DA:40,0
DA:41,0
DA:42,3
DA:43,3
DA:44,3
DA:45,1025
DA:46,0
DA:47,0
DA:48,1025
DA:49,1025
DA:50,1025
DA:51,1025
DA:52,1025
DA:53,1025
DA:54,1025
DA:55,0
DA:56,0
DA:57,1025
DA:58,1025
DA:59,0
DA:60,0
DA:61,1025
DA:62,1025
DA:63,1025
DA:64,1025
DA:65,1025
DA:66,1025
DA:67,1025
DA:68,1025
DA:69,1025
DA:70,1025
DA:71,1025
DA:72,1025
DA:73,1025
DA:74,1025
DA:75,1025
DA:76,1025
DA:77,1025
DA:78,1025
DA:79,3
DA:80,1026
DA:81,1026
DA:82,1
DA:83,1
DA:84,1026
DA:85,1026
DA:86,1026
DA:87,3
DA:88,1460
DA:89,1460
DA:90,1460
DA:91,1460
DA:92,1460
DA:93,1460
DA:94,1460
DA:95,1
DA:96,1
DA:97,1459
DA:98,1459
DA:99,1459
DA:100,1459
DA:101,1460
DA:102,2
DA:103,2
DA:104,2
DA:105,3
DA:106,2
DA:107,2
DA:108,2
DA:109,2
DA:110,1
DA:111,1
DA:112,1
DA:113,2
DA:114,3
DA:115,5
DA:116,5
DA:117,2471
DA:118,2471
DA:119,3471
DA:120,3471
DA:121,2471
DA:122,2471
DA:123,2800
DA:124,2800
DA:125,2800
DA:126,1023
DA:127,1023
DA:128,2800
DA:129,2800
DA:130,0
DA:131,0
DA:132,2800
DA:133,2800
DA:134,2800
DA:135,2800
DA:136,2800
DA:137,2800
DA:138,1023
DA:139,1023
DA:140,1023
DA:141,1023
DA:142,2471
DA:143,2471
DA:144,1960
DA:145,1960
DA:146,511
DA:147,711
DA:148,711
DA:149,511
DA:150,2471
DA:151,3
DA:152,10
DA:153,10
DA:154,10
DA:155,10
DA:156,10
DA:157,10
DA:158,10
DA:159,10
DA:160,10
DA:161,28
DA:162,28
DA:163,0
DA:164,0
DA:165,28
DA:166,28
DA:167,28
DA:168,28
DA:169,28
DA:170,28
DA:171,28
DA:172,28
DA:173,28
DA:174,28
DA:175,125
DA:176,125
DA:177,125
DA:178,125
DA:179,125
DA:180,125
DA:181,125
DA:182,125
DA:183,125
DA:184,125
DA:185,125
DA:186,125
DA:187,125
DA:188,125
DA:189,28
DA:190,28
DA:191,28
DA:192,28
DA:193,10
DA:194,1023
DA:195,1023
DA:196,10
DA:197,2
DA:198,2
DA:199,2
DA:200,2
DA:201,2
DA:202,2
DA:203,2
DA:204,2
DA:205,2
DA:206,2
DA:207,2
DA:208,2
DA:209,10
DA:210,1025
DA:211,1025
DA:212,2
DA:213,2
DA:214,2
DA:215,2
DA:216,2
DA:217,1023
DA:218,1023
DA:219,1023
DA:220,1023
DA:221,1023
DA:222,1023
DA:223,1025
DA:224,421
DA:225,421
DA:226,1025
DA:227,2471
DA:228,2471
DA:229,2471
DA:230,2471
DA:231,2471
DA:232,2471
DA:233,423
DA:234,423
DA:235,2048
DA:236,2471
DA:237,2471
DA:238,2471
DA:239,2471
DA:240,1025
DA:241,0
DA:242,0
DA:243,0
DA:244,0
DA:245,0
DA:246,1023
DA:247,1023
DA:248,1025
DA:249,1
DA:250,1
DA:251,1
DA:252,1
DA:253,1
DA:254,1022
DA:255,1022
DA:256,1022
DA:257,1022
DA:258,1025
DA:259,10
DA:260,1025
DA:261,423
DA:262,423
DA:263,421
DA:264,421
DA:265,423
DA:266,604
DA:267,1025
DA:268,10
DA:269,1023
DA:270,602
DA:271,602
DA:272,421
DA:273,1023
DA:274,400
DA:275,400
DA:276,21
DA:277,21
DA:278,21
DA:279,21
DA:280,1023
DA:281,1023
DA:282,10
DA:283,3
DA:284,3
DA:285,10
LF:285
LH:268
BRDA:1,0,0,3
BRDA:19,1,0,4519
BRDA:20,2,0,625
BRDA:23,3,0,3894
BRDA:25,4,0,5312
BRDA:27,5,0,3894
BRDA:31,6,0,0
BRDA:23,7,0,7294
BRDA:33,8,0,6266
BRDA:38,9,0,3
BRDA:39,10,0,0
BRDA:44,11,0,1025
BRDA:45,12,0,0
BRDA:54,13,0,0
BRDA:58,14,0,0
BRDA:61,15,0,0
BRDA:77,16,0,1
BRDA:77,17,0,1024
BRDA:50,18,0,2474
BRDA:79,19,0,1026
BRDA:81,20,0,1
BRDA:84,21,0,1025
BRDA:84,22,0,0
BRDA:87,23,0,1460
BRDA:94,24,0,1
BRDA:97,25,0,1459
BRDA:99,26,0,3790
BRDA:100,27,0,3790
BRDA:102,28,0,2
BRDA:105,29,0,2
BRDA:109,30,0,1
BRDA:108,31,0,3
BRDA:114,32,0,5
BRDA:117,33,0,2471
BRDA:118,34,0,3471
BRDA:123,35,0,2800
BRDA:126,36,0,1023
BRDA:140,37,0,400
BRDA:140,38,0,623
BRDA:127,39,0,2800
BRDA:129,40,0,0
BRDA:136,41,0,0
BRDA:142,42,0,2471
BRDA:143,43,0,1015
BRDA:143,44,0,1960
BRDA:146,45,0,511
BRDA:146,46,0,711
BRDA:148,47,0,166
BRDA:148,48,0,545
BRDA:151,49,0,10
BRDA:155,50,0,10
BRDA:160,51,0,28
BRDA:162,52,0,0
BRDA:165,53,0,23
BRDA:165,54,0,5
BRDA:174,55,0,125
BRDA:182,56,0,97
BRDA:183,57,0,28
BRDA:185,58,0,97
BRDA:186,59,0,28
BRDA:166,60,0,82
BRDA:167,61,0,194
BRDA:167,62,0,164
BRDA:167,63,0,30
BRDA:169,64,0,28
BRDA:193,65,0,1023
BRDA:196,66,0,2
BRDA:201,67,0,0
BRDA:202,68,0,0
BRDA:203,69,0,0
BRDA:209,70,0,1025
BRDA:211,71,0,2
BRDA:217,72,0,1023
BRDA:223,73,0,421
BRDA:226,74,0,1023
BRDA:226,75,0,2471
BRDA:229,76,0,0
BRDA:230,77,0,1200
BRDA:230,78,0,1456
BRDA:232,79,0,423
BRDA:235,80,0,2048
BRDA:240,81,0,1023
BRDA:240,82,0,0
BRDA:246,83,0,1023
BRDA:248,84,0,1
BRDA:254,85,0,1022
BRDA:219,86,0,1023
BRDA:228,87,0,3471
BRDA:259,88,0,1025
BRDA:260,89,0,423
BRDA:262,90,0,421
BRDA:266,91,0,604
BRDA:268,92,0,1023
BRDA:269,93,0,602
BRDA:272,94,0,421
BRDA:273,95,0,400
BRDA:274,96,0,0
BRDA:276,97,0,21
BRDA:280,98,0,0
BRDA:280,99,0,0
BRDA:282,100,0,3
BRDA:283,101,0,0
BRF:102
BRH:83
end_of_record
TN:
SF:dist/engine/pos.js
FN:3,<instance_members_initializer>
FN:5,PosTagger
FN:10,tag
FNF:3
FNH:3
FNDA:2,<instance_members_initializer>
FNDA:2,PosTagger
FNDA:423,tag
DA:1,1
DA:2,1
DA:3,1
DA:4,2
DA:5,2
DA:6,2
DA:7,2
DA:8,2
DA:9,2
DA:10,2
DA:11,423
DA:12,423
DA:13,2
LF:13
LH:13
BRDA:1,0,0,1
BRDA:3,1,0,2
BRDA:5,2,0,2
BRDA:10,3,0,423
BRF:4
BRH:4
end_of_record
TN:
SF:dist/engine/pos_grammar.js
FN:148,getPosBigramBoost
FNF:1
FNH:1
FNDA:3471,getPosBigramBoost
DA:1,3
DA:2,3
DA:3,3
DA:4,3
DA:5,3
DA:6,3
DA:7,3
DA:8,3
DA:9,3
DA:10,3
DA:11,3
DA:12,3
DA:13,3
DA:14,3
DA:15,3
DA:16,3
DA:17,3
DA:18,3
DA:19,3
DA:20,3
DA:21,3
DA:22,3
DA:23,3
DA:24,3
DA:25,3
DA:26,3
DA:27,3
DA:28,3
DA:29,3
DA:30,3
DA:31,3
DA:32,3
DA:33,3
DA:34,3
DA:35,3
DA:36,3
DA:37,3
DA:38,3
DA:39,3
DA:40,3
DA:41,3
DA:42,3
DA:43,3
DA:44,3
DA:45,3
DA:46,3
DA:47,3
DA:48,3
DA:49,3
DA:50,3
DA:51,3
DA:52,3
DA:53,3
DA:54,3
DA:55,3
DA:56,3
DA:57,3
DA:58,3
DA:59,3
DA:60,3
DA:61,3
DA:62,3
DA:63,3
DA:64,3
DA:65,3
DA:66,3
DA:67,3
DA:68,3
DA:69,3
DA:70,3
DA:71,3
DA:72,3
DA:73,3
DA:74,3
DA:75,3
DA:76,3
DA:77,3
DA:78,3
DA:79,3
DA:80,3
DA:81,3
DA:82,3
DA:83,3
DA:84,3
DA:85,3
DA:86,3
DA:87,3
DA:88,3
DA:89,3
DA:90,3
DA:91,3
DA:92,3
DA:93,3
DA:94,3
DA:95,3
DA:96,3
DA:97,3
DA:98,3
DA:99,3
DA:100,3
DA:101,3
DA:102,3
DA:103,3
DA:104,3
DA:105,3
DA:106,3
DA:107,3
DA:108,3
DA:109,3
DA:110,3
DA:111,3
DA:112,3
DA:113,3
DA:114,3
DA:115,3
DA:116,3
DA:117,3
DA:118,3
DA:119,3
DA:120,3
DA:121,3
DA:122,3
DA:123,3
DA:124,3
DA:125,3
DA:126,3
DA:127,3
DA:128,3
DA:129,3
DA:130,3
DA:131,3
DA:132,3
DA:133,3
DA:134,3
DA:135,3
DA:136,3
DA:137,3
DA:138,3
DA:139,3
DA:140,3
DA:141,3
DA:142,3
DA:143,3
DA:144,3
DA:145,3
DA:146,3
DA:147,3
DA:148,3
DA:149,3471
DA:150,1071
DA:151,1071
DA:152,3471
DA:153,3471
LF:153
LH:153
BRDA:1,0,0,3
BRDA:148,1,0,3471
BRDA:149,2,0,2800
BRDA:149,3,0,1071
BRDA:152,4,0,2400
BRDA:152,5,0,600
BRF:6
BRH:6
end_of_record
